Read in 794 words
Encountered 50 unique words
A        : 56
AM       : 16
AND      : 25
ANYWHERE :  8
ARE      :  2
BE       :  4
BOAT     :  3
BOX      :  7
CAR      :  7
COULD    : 14
DARK     :  7
DO       : 36
EAT      : 23
EGGS     : 11
FOX      :  7
GOAT     :  4
GOOD     :  2
GREEN    : 11
HAM      : 11
HERE     : 11
HOUSE    :  8
I        : 83
IF       :  1
IN       : 40
LET      :  4
LIKE     : 44
MAY      :  4
ME       :  4
MOUSE    :  7
NOT      : 82
ON       :  6
OR       :  8
RAIN     :  4
SAM      : 19
SAY      :  5
SEE      :  4
SO       :  5
THANK    :  2
THAT     :  3
THE      : 11
THEM     : 59
THERE    :  9
THEY     :  2
TRAIN    :  8
TREE     :  6
TRY      :  4
WILL     : 18
WITH     : 18
WOULD    : 27
YOU      : 34
A: 207
B:  14
C:  21
D: 111
E: 277
F:   8
G:  39
H: 142
I: 216
J:   0
K:  53
L: 125
M: 120
N: 186
O: 252
P:   0
Q:   0
R:  85
S:  59
T: 241
U:  90
V:   0
W:  71
X:  14
Y:  57
Z:   0
Least Frequent Letter: J   0 (  0.000%)
 Most Frequent Letter: E 277 ( 11.600%)
