Read in 794 words
Encountered 50 unique words
I        : 83
AM       : 16
SAM      : 19
THAT     :  3
DO       : 36
NOT      : 82
LIKE     : 44
WOULD    : 27
YOU      : 34
GREEN    : 11
EGGS     : 11
AND      : 25
HAM      : 11
THEM     : 59
HERE     : 11
OR       :  8
THERE    :  9
ANYWHERE :  8
IN       : 40
A        : 56
HOUSE    :  8
WITH     : 18
MOUSE    :  7
EAT      : 23
BOX      :  7
FOX      :  7
COULD    : 14
CAR      :  7
THEY     :  2
ARE      :  2
MAY      :  4
WILL     : 18
SEE      :  4
TREE     :  6
LET      :  4
ME       :  4
BE       :  4
TRAIN    :  8
ON       :  6
SAY      :  5
THE      : 11
DARK     :  7
RAIN     :  4
GOAT     :  4
BOAT     :  3
SO       :  5
TRY      :  4
IF       :  1
GOOD     :  2
THANK    :  2
A: 207
B:  14
C:  21
D: 111
E: 277
F:   8
G:  39
H: 142
I: 216
J:   0
K:  53
L: 125
M: 120
N: 186
O: 252
P:   0
Q:   0
R:  85
S:  59
T: 241
U:  90
V:   0
W:  71
X:  14
Y:  57
Z:   0
Least Frequent Letter: J   0 (  0.000%)
 Most Frequent Letter: E 277 ( 11.600%)
